{"D:\\Hacktiv8\\Final Project\\Final-Project-Hacktiv8\\server\\index.js": {"path":"D:\\Hacktiv8\\Final Project\\Final-Project-Hacktiv8\\server\\index.js","statementMap":{"0":{"start":{"line":1,"column":0},"end":{"line":3,"column":1}},"1":{"start":{"line":2,"column":2},"end":{"line":2,"column":28}},"2":{"start":{"line":4,"column":16},"end":{"line":4,"column":18}},"3":{"start":{"line":6,"column":0},"end":{"line":8,"column":1}},"4":{"start":{"line":7,"column":2},"end":{"line":7,"column":30}},"5":{"start":{"line":10,"column":16},"end":{"line":10,"column":34}},"6":{"start":{"line":11,"column":12},"end":{"line":11,"column":21}},"7":{"start":{"line":12,"column":17},"end":{"line":12,"column":36}},"8":{"start":{"line":13,"column":13},"end":{"line":13,"column":17}},"9":{"start":{"line":14,"column":15},"end":{"line":14,"column":34}},"10":{"start":{"line":15,"column":13},"end":{"line":15,"column":28}},"11":{"start":{"line":17,"column":0},"end":{"line":17,"column":23}},"12":{"start":{"line":18,"column":0},"end":{"line":18,"column":48}},"13":{"start":{"line":20,"column":0},"end":{"line":20,"column":62}},"14":{"start":{"line":21,"column":0},"end":{"line":24,"column":4}},"15":{"start":{"line":23,"column":4},"end":{"line":23,"column":50}},"16":{"start":{"line":29,"column":0},"end":{"line":29,"column":57}},"17":{"start":{"line":29,"column":27},"end":{"line":29,"column":56}},"18":{"start":{"line":30,"column":0},"end":{"line":30,"column":15}},"19":{"start":{"line":34,"column":0},"end":{"line":34,"column":21}}},"fnMap":{"0":{"name":"(anonymous_0)","decl":{"start":{"line":22,"column":16},"end":{"line":22,"column":17}},"loc":{"start":{"line":22,"column":28},"end":{"line":24,"column":3}},"line":22},"1":{"name":"(anonymous_1)","decl":{"start":{"line":29,"column":13},"end":{"line":29,"column":14}},"loc":{"start":{"line":29,"column":27},"end":{"line":29,"column":56}},"line":29}},"branchMap":{"0":{"loc":{"start":{"line":1,"column":0},"end":{"line":3,"column":1}},"type":"if","locations":[{"start":{"line":1,"column":0},"end":{"line":3,"column":1}},{"start":{},"end":{}}],"line":1},"1":{"loc":{"start":{"line":6,"column":0},"end":{"line":8,"column":1}},"type":"if","locations":[{"start":{"line":6,"column":0},"end":{"line":8,"column":1}},{"start":{},"end":{}}],"line":6}},"s":{"0":1,"1":1,"2":1,"3":1,"4":1,"5":1,"6":1,"7":1,"8":1,"9":1,"10":1,"11":1,"12":1,"13":1,"14":1,"15":1,"16":1,"17":0,"18":1,"19":1},"f":{"0":1,"1":0},"b":{"0":[1,0],"1":[1,0]},"_coverageSchema":"1a1c01bbd47fc00a2c39e90264f33305004495a9","hash":"5950a52dd43771f0420d4f7892a7d0d4faf87c22"}
,"D:\\Hacktiv8\\Final Project\\Final-Project-Hacktiv8\\server\\controllers\\foodController.js": {"path":"D:\\Hacktiv8\\Final Project\\Final-Project-Hacktiv8\\server\\controllers\\foodController.js","statementMap":{"0":{"start":{"line":1,"column":13},"end":{"line":1,"column":38}},"1":{"start":{"line":2,"column":17},"end":{"line":2,"column":36}},"2":{"start":{"line":3,"column":11},"end":{"line":3,"column":24}},"3":{"start":{"line":4,"column":15},"end":{"line":4,"column":46}},"4":{"start":{"line":5,"column":13},"end":{"line":5,"column":38}},"5":{"start":{"line":6,"column":14},"end":{"line":6,"column":30}},"6":{"start":{"line":8,"column":20},"end":{"line":8,"column":70}},"7":{"start":{"line":9,"column":15},"end":{"line":9,"column":48}},"8":{"start":{"line":15,"column":4},"end":{"line":34,"column":5}},"9":{"start":{"line":17,"column":19},"end":{"line":17,"column":21}},"10":{"start":{"line":18,"column":22},"end":{"line":18,"column":31}},"11":{"start":{"line":19,"column":6},"end":{"line":26,"column":7}},"12":{"start":{"line":21,"column":8},"end":{"line":21,"column":25}},"13":{"start":{"line":25,"column":8},"end":{"line":25,"column":19}},"14":{"start":{"line":27,"column":6},"end":{"line":27,"column":51}},"15":{"start":{"line":30,"column":6},"end":{"line":30,"column":24}},"16":{"start":{"line":31,"column":6},"end":{"line":33,"column":8}},"17":{"start":{"line":38,"column":0},"end":{"line":38,"column":31}}},"fnMap":{"0":{"name":"(anonymous_0)","decl":{"start":{"line":13,"column":2},"end":{"line":13,"column":3}},"loc":{"start":{"line":14,"column":2},"end":{"line":35,"column":3}},"line":14}},"branchMap":{"0":{"loc":{"start":{"line":19,"column":6},"end":{"line":26,"column":7}},"type":"if","locations":[{"start":{"line":19,"column":6},"end":{"line":26,"column":7}},{"start":{"line":24,"column":6},"end":{"line":26,"column":7}}],"line":19}},"s":{"0":1,"1":1,"2":1,"3":1,"4":1,"5":1,"6":1,"7":1,"8":3,"9":3,"10":3,"11":3,"12":2,"13":1,"14":3,"15":1,"16":1,"17":1},"f":{"0":3},"b":{"0":[2,1]},"_coverageSchema":"1a1c01bbd47fc00a2c39e90264f33305004495a9","hash":"471023fa9ebce7edd326c59634d155ceaf9bb22c"}
,"D:\\Hacktiv8\\Final Project\\Final-Project-Hacktiv8\\server\\controllers\\index.js": {"path":"D:\\Hacktiv8\\Final Project\\Final-Project-Hacktiv8\\server\\controllers\\index.js","statementMap":{"0":{"start":{"line":1,"column":32},"end":{"line":1,"column":64}},"1":{"start":{"line":2,"column":27},"end":{"line":2,"column":54}},"2":{"start":{"line":4,"column":0},"end":{"line":4,"column":56}}},"fnMap":{},"branchMap":{},"s":{"0":1,"1":1,"2":1},"f":{},"b":{},"_coverageSchema":"1a1c01bbd47fc00a2c39e90264f33305004495a9","hash":"daf6a2de0038b164de5fbc1dca79971541ef69fb"}
,"D:\\Hacktiv8\\Final Project\\Final-Project-Hacktiv8\\server\\controllers\\nutritionController.js": {"path":"D:\\Hacktiv8\\Final Project\\Final-Project-Hacktiv8\\server\\controllers\\nutritionController.js","statementMap":{"0":{"start":{"line":2,"column":23},"end":{"line":2,"column":58}},"1":{"start":{"line":3,"column":16},"end":{"line":3,"column":44}},"2":{"start":{"line":4,"column":22},"end":{"line":4,"column":52}},"3":{"start":{"line":5,"column":15},"end":{"line":5,"column":43}},"4":{"start":{"line":11,"column":4},"end":{"line":34,"column":5}},"5":{"start":{"line":13,"column":19},"end":{"line":13,"column":27}},"6":{"start":{"line":14,"column":26},"end":{"line":14,"column":62}},"7":{"start":{"line":15,"column":23},"end":{"line":15,"column":116}},"8":{"start":{"line":16,"column":19},"end":{"line":16,"column":21}},"9":{"start":{"line":17,"column":6},"end":{"line":28,"column":7}},"10":{"start":{"line":17,"column":19},"end":{"line":17,"column":20}},"11":{"start":{"line":19,"column":26},"end":{"line":19,"column":83}},"12":{"start":{"line":20,"column":8},"end":{"line":27,"column":9}},"13":{"start":{"line":22,"column":10},"end":{"line":22,"column":31}},"14":{"start":{"line":26,"column":10},"end":{"line":26,"column":64}},"15":{"start":{"line":29,"column":6},"end":{"line":29,"column":32}},"16":{"start":{"line":32,"column":6},"end":{"line":32,"column":24}},"17":{"start":{"line":33,"column":6},"end":{"line":33,"column":62}},"18":{"start":{"line":39,"column":4},"end":{"line":121,"column":5}},"19":{"start":{"line":41,"column":30},"end":{"line":41,"column":38}},"20":{"start":{"line":42,"column":19},"end":{"line":42,"column":27}},"21":{"start":{"line":43,"column":26},"end":{"line":43,"column":62}},"22":{"start":{"line":45,"column":6},"end":{"line":45,"column":102}},"23":{"start":{"line":45,"column":49},"end":{"line":45,"column":102}},"24":{"start":{"line":47,"column":18},"end":{"line":64,"column":7}},"25":{"start":{"line":66,"column":25},"end":{"line":66,"column":84}},"26":{"start":{"line":66,"column":42},"end":{"line":66,"column":72}},"27":{"start":{"line":67,"column":20},"end":{"line":86,"column":8}},"28":{"start":{"line":88,"column":21},"end":{"line":88,"column":46}},"29":{"start":{"line":89,"column":22},"end":{"line":89,"column":61}},"30":{"start":{"line":91,"column":6},"end":{"line":98,"column":7}},"31":{"start":{"line":93,"column":8},"end":{"line":93,"column":56}},"32":{"start":{"line":94,"column":8},"end":{"line":97,"column":9}},"33":{"start":{"line":96,"column":10},"end":{"line":96,"column":86}},"34":{"start":{"line":100,"column":23},"end":{"line":100,"column":116}},"35":{"start":{"line":102,"column":24},"end":{"line":107,"column":8}},"36":{"start":{"line":109,"column":6},"end":{"line":109,"column":28}},"37":{"start":{"line":111,"column":6},"end":{"line":111,"column":49}},"38":{"start":{"line":113,"column":6},"end":{"line":113,"column":27}},"39":{"start":{"line":115,"column":6},"end":{"line":115,"column":56}},"40":{"start":{"line":118,"column":6},"end":{"line":120,"column":8}},"41":{"start":{"line":125,"column":4},"end":{"line":141,"column":5}},"42":{"start":{"line":127,"column":21},"end":{"line":127,"column":31}},"43":{"start":{"line":128,"column":19},"end":{"line":128,"column":27}},"44":{"start":{"line":129,"column":26},"end":{"line":129,"column":62}},"45":{"start":{"line":130,"column":23},"end":{"line":130,"column":116}},"46":{"start":{"line":131,"column":20},"end":{"line":131,"column":55}},"47":{"start":{"line":132,"column":6},"end":{"line":132,"column":46}},"48":{"start":{"line":133,"column":6},"end":{"line":133,"column":48}},"49":{"start":{"line":134,"column":6},"end":{"line":134,"column":27}},"50":{"start":{"line":135,"column":6},"end":{"line":137,"column":8}},"51":{"start":{"line":140,"column":6},"end":{"line":140,"column":54}},"52":{"start":{"line":145,"column":0},"end":{"line":145,"column":40}}},"fnMap":{"0":{"name":"(anonymous_0)","decl":{"start":{"line":9,"column":2},"end":{"line":9,"column":3}},"loc":{"start":{"line":10,"column":2},"end":{"line":35,"column":3}},"line":10},"1":{"name":"(anonymous_1)","decl":{"start":{"line":37,"column":2},"end":{"line":37,"column":3}},"loc":{"start":{"line":38,"column":2},"end":{"line":122,"column":3}},"line":38},"2":{"name":"(anonymous_2)","decl":{"start":{"line":66,"column":35},"end":{"line":66,"column":36}},"loc":{"start":{"line":66,"column":42},"end":{"line":66,"column":72}},"line":66},"3":{"name":"(anonymous_3)","decl":{"start":{"line":123,"column":2},"end":{"line":123,"column":3}},"loc":{"start":{"line":124,"column":2},"end":{"line":142,"column":3}},"line":124}},"branchMap":{"0":{"loc":{"start":{"line":20,"column":8},"end":{"line":27,"column":9}},"type":"if","locations":[{"start":{"line":20,"column":8},"end":{"line":27,"column":9}},{"start":{"line":25,"column":8},"end":{"line":27,"column":9}}],"line":20},"1":{"loc":{"start":{"line":45,"column":6},"end":{"line":45,"column":102}},"type":"if","locations":[{"start":{"line":45,"column":6},"end":{"line":45,"column":102}},{"start":{},"end":{}}],"line":45},"2":{"loc":{"start":{"line":45,"column":10},"end":{"line":45,"column":47}},"type":"binary-expr","locations":[{"start":{"line":45,"column":10},"end":{"line":45,"column":15}},{"start":{"line":45,"column":19},"end":{"line":45,"column":25}},{"start":{"line":45,"column":29},"end":{"line":45,"column":47}}],"line":45},"3":{"loc":{"start":{"line":94,"column":8},"end":{"line":97,"column":9}},"type":"if","locations":[{"start":{"line":94,"column":8},"end":{"line":97,"column":9}},{"start":{},"end":{}}],"line":94}},"s":{"0":1,"1":1,"2":1,"3":1,"4":4,"5":4,"6":4,"7":4,"8":3,"9":3,"10":3,"11":3,"12":3,"13":2,"14":1,"15":2,"16":2,"17":2,"18":3,"19":3,"20":3,"21":3,"22":3,"23":1,"24":2,"25":2,"26":4,"27":2,"28":2,"29":1,"30":1,"31":17,"32":17,"33":16,"34":1,"35":1,"36":1,"37":1,"38":1,"39":1,"40":2,"41":2,"42":2,"43":2,"44":2,"45":2,"46":1,"47":1,"48":1,"49":1,"50":1,"51":1,"52":1},"f":{"0":4,"1":3,"2":4,"3":2},"b":{"0":[2,1],"1":[1,2],"2":[3,2,2],"3":[16,1]},"_coverageSchema":"1a1c01bbd47fc00a2c39e90264f33305004495a9","hash":"b6cfc3c11bbb87c8ecaadabc2404026156698d5e"}
,"D:\\Hacktiv8\\Final Project\\Final-Project-Hacktiv8\\server\\controllers\\pregnancyController.js": {"path":"D:\\Hacktiv8\\Final Project\\Final-Project-Hacktiv8\\server\\controllers\\pregnancyController.js","statementMap":{"0":{"start":{"line":1,"column":22},"end":{"line":1,"column":52}},"1":{"start":{"line":2,"column":13},"end":{"line":2,"column":38}},"2":{"start":{"line":3,"column":16},"end":{"line":3,"column":44}},"3":{"start":{"line":7,"column":4},"end":{"line":30,"column":5}},"4":{"start":{"line":8,"column":19},"end":{"line":8,"column":27}},"5":{"start":{"line":9,"column":26},"end":{"line":9,"column":62}},"6":{"start":{"line":10,"column":28},"end":{"line":10,"column":36}},"7":{"start":{"line":11,"column":6},"end":{"line":13,"column":7}},"8":{"start":{"line":12,"column":8},"end":{"line":12,"column":71}},"9":{"start":{"line":14,"column":23},"end":{"line":18,"column":8}},"10":{"start":{"line":19,"column":6},"end":{"line":19,"column":27}},"11":{"start":{"line":20,"column":6},"end":{"line":20,"column":50}},"12":{"start":{"line":21,"column":6},"end":{"line":21,"column":30}},"13":{"start":{"line":22,"column":6},"end":{"line":24,"column":8}},"14":{"start":{"line":26,"column":6},"end":{"line":26,"column":24}},"15":{"start":{"line":27,"column":6},"end":{"line":29,"column":8}},"16":{"start":{"line":34,"column":4},"end":{"line":44,"column":5}},"17":{"start":{"line":35,"column":19},"end":{"line":35,"column":27}},"18":{"start":{"line":36,"column":26},"end":{"line":36,"column":62}},"19":{"start":{"line":37,"column":19},"end":{"line":37,"column":112}},"20":{"start":{"line":38,"column":6},"end":{"line":38,"column":32}},"21":{"start":{"line":40,"column":6},"end":{"line":40,"column":24}},"22":{"start":{"line":41,"column":6},"end":{"line":43,"column":8}},"23":{"start":{"line":48,"column":0},"end":{"line":48,"column":36}}},"fnMap":{"0":{"name":"(anonymous_0)","decl":{"start":{"line":6,"column":2},"end":{"line":6,"column":3}},"loc":{"start":{"line":6,"column":44},"end":{"line":31,"column":3}},"line":6},"1":{"name":"(anonymous_1)","decl":{"start":{"line":33,"column":2},"end":{"line":33,"column":3}},"loc":{"start":{"line":33,"column":44},"end":{"line":45,"column":3}},"line":33}},"branchMap":{"0":{"loc":{"start":{"line":11,"column":6},"end":{"line":13,"column":7}},"type":"if","locations":[{"start":{"line":11,"column":6},"end":{"line":13,"column":7}},{"start":{},"end":{}}],"line":11}},"s":{"0":1,"1":1,"2":1,"3":2,"4":2,"5":2,"6":2,"7":2,"8":1,"9":1,"10":1,"11":1,"12":1,"13":1,"14":1,"15":1,"16":2,"17":2,"18":2,"19":2,"20":1,"21":1,"22":1,"23":1},"f":{"0":2,"1":2},"b":{"0":[1,1]},"_coverageSchema":"1a1c01bbd47fc00a2c39e90264f33305004495a9","hash":"fc7f8a74be4572daf24befd6b397e6b306b62246"}
,"D:\\Hacktiv8\\Final Project\\Final-Project-Hacktiv8\\server\\controllers\\profileController.js": {"path":"D:\\Hacktiv8\\Final Project\\Final-Project-Hacktiv8\\server\\controllers\\profileController.js","statementMap":{"0":{"start":{"line":1,"column":13},"end":{"line":1,"column":38}},"1":{"start":{"line":2,"column":16},"end":{"line":2,"column":44}},"2":{"start":{"line":8,"column":4},"end":{"line":20,"column":5}},"3":{"start":{"line":10,"column":19},"end":{"line":10,"column":27}},"4":{"start":{"line":11,"column":26},"end":{"line":11,"column":62}},"5":{"start":{"line":12,"column":6},"end":{"line":12,"column":23}},"6":{"start":{"line":13,"column":6},"end":{"line":13,"column":39}},"7":{"start":{"line":16,"column":6},"end":{"line":16,"column":22}},"8":{"start":{"line":17,"column":6},"end":{"line":19,"column":8}},"9":{"start":{"line":25,"column":4},"end":{"line":49,"column":5}},"10":{"start":{"line":27,"column":37},"end":{"line":27,"column":45}},"11":{"start":{"line":28,"column":17},"end":{"line":28,"column":25}},"12":{"start":{"line":29,"column":6},"end":{"line":29,"column":84}},"13":{"start":{"line":30,"column":26},"end":{"line":30,"column":62}},"14":{"start":{"line":31,"column":6},"end":{"line":34,"column":7}},"15":{"start":{"line":33,"column":8},"end":{"line":33,"column":61}},"16":{"start":{"line":35,"column":6},"end":{"line":35,"column":29}},"17":{"start":{"line":36,"column":6},"end":{"line":36,"column":33}},"18":{"start":{"line":37,"column":6},"end":{"line":37,"column":29}},"19":{"start":{"line":38,"column":6},"end":{"line":38,"column":30}},"20":{"start":{"line":39,"column":6},"end":{"line":39,"column":30}},"21":{"start":{"line":40,"column":6},"end":{"line":42,"column":8}},"22":{"start":{"line":45,"column":6},"end":{"line":45,"column":24}},"23":{"start":{"line":46,"column":6},"end":{"line":48,"column":8}},"24":{"start":{"line":53,"column":0},"end":{"line":53,"column":34}}},"fnMap":{"0":{"name":"(anonymous_0)","decl":{"start":{"line":6,"column":2},"end":{"line":6,"column":3}},"loc":{"start":{"line":7,"column":2},"end":{"line":21,"column":3}},"line":7},"1":{"name":"(anonymous_1)","decl":{"start":{"line":23,"column":2},"end":{"line":23,"column":3}},"loc":{"start":{"line":24,"column":2},"end":{"line":50,"column":3}},"line":24}},"branchMap":{"0":{"loc":{"start":{"line":31,"column":6},"end":{"line":34,"column":7}},"type":"if","locations":[{"start":{"line":31,"column":6},"end":{"line":34,"column":7}},{"start":{},"end":{}}],"line":31},"1":{"loc":{"start":{"line":31,"column":10},"end":{"line":31,"column":35}},"type":"binary-expr","locations":[{"start":{"line":31,"column":10},"end":{"line":31,"column":15}},{"start":{"line":31,"column":19},"end":{"line":31,"column":26}},{"start":{"line":31,"column":30},"end":{"line":31,"column":35}}],"line":31}},"s":{"0":1,"1":1,"2":2,"3":2,"4":2,"5":1,"6":1,"7":1,"8":1,"9":2,"10":2,"11":2,"12":2,"13":2,"14":2,"15":1,"16":1,"17":1,"18":1,"19":1,"20":1,"21":1,"22":1,"23":1,"24":1},"f":{"0":2,"1":2},"b":{"0":[1,1],"1":[2,2,2]},"_coverageSchema":"1a1c01bbd47fc00a2c39e90264f33305004495a9","hash":"1b87ee757d4721fd9250c7749259921fff3936aa"}
,"D:\\Hacktiv8\\Final Project\\Final-Project-Hacktiv8\\server\\controllers\\recipeController.js": {"path":"D:\\Hacktiv8\\Final Project\\Final-Project-Hacktiv8\\server\\controllers\\recipeController.js","statementMap":{"0":{"start":{"line":1,"column":15},"end":{"line":1,"column":42}},"1":{"start":{"line":2,"column":16},"end":{"line":2,"column":44}},"2":{"start":{"line":4,"column":15},"end":{"line":4,"column":34}},"3":{"start":{"line":5,"column":11},"end":{"line":5,"column":42}},"4":{"start":{"line":6,"column":25},"end":{"line":6,"column":57}},"5":{"start":{"line":7,"column":15},"end":{"line":7,"column":43}},"6":{"start":{"line":13,"column":4},"end":{"line":34,"column":5}},"7":{"start":{"line":15,"column":26},"end":{"line":15,"column":34}},"8":{"start":{"line":16,"column":6},"end":{"line":16,"column":73}},"9":{"start":{"line":16,"column":20},"end":{"line":16,"column":73}},"10":{"start":{"line":17,"column":19},"end":{"line":17,"column":27}},"11":{"start":{"line":18,"column":26},"end":{"line":18,"column":62}},"12":{"start":{"line":19,"column":6},"end":{"line":25,"column":8}},"13":{"start":{"line":21,"column":23},"end":{"line":21,"column":36}},"14":{"start":{"line":22,"column":8},"end":{"line":22,"column":27}},"15":{"start":{"line":23,"column":8},"end":{"line":23,"column":52}},"16":{"start":{"line":24,"column":8},"end":{"line":24,"column":32}},"17":{"start":{"line":26,"column":6},"end":{"line":28,"column":8}},"18":{"start":{"line":31,"column":6},"end":{"line":33,"column":8}},"19":{"start":{"line":38,"column":4},"end":{"line":54,"column":5}},"20":{"start":{"line":40,"column":19},"end":{"line":40,"column":27}},"21":{"start":{"line":41,"column":26},"end":{"line":41,"column":62}},"22":{"start":{"line":42,"column":22},"end":{"line":42,"column":24}},"23":{"start":{"line":43,"column":6},"end":{"line":47,"column":7}},"24":{"start":{"line":43,"column":19},"end":{"line":43,"column":20}},"25":{"start":{"line":45,"column":23},"end":{"line":45,"column":76}},"26":{"start":{"line":46,"column":8},"end":{"line":46,"column":28}},"27":{"start":{"line":48,"column":6},"end":{"line":48,"column":35}},"28":{"start":{"line":51,"column":6},"end":{"line":53,"column":8}},"29":{"start":{"line":59,"column":4},"end":{"line":79,"column":5}},"30":{"start":{"line":61,"column":21},"end":{"line":65,"column":8}},"31":{"start":{"line":67,"column":19},"end":{"line":71,"column":8}},"32":{"start":{"line":73,"column":6},"end":{"line":73,"column":32}},"33":{"start":{"line":76,"column":6},"end":{"line":76,"column":47}},"34":{"start":{"line":78,"column":6},"end":{"line":78,"column":66}},"35":{"start":{"line":84,"column":4},"end":{"line":116,"column":5}},"36":{"start":{"line":86,"column":30},"end":{"line":86,"column":38}},"37":{"start":{"line":88,"column":25},"end":{"line":88,"column":47}},"38":{"start":{"line":89,"column":20},"end":{"line":93,"column":97}},"39":{"start":{"line":95,"column":21},"end":{"line":95,"column":46}},"40":{"start":{"line":96,"column":22},"end":{"line":96,"column":61}},"41":{"start":{"line":99,"column":6},"end":{"line":109,"column":7}},"42":{"start":{"line":102,"column":24},"end":{"line":102,"column":78}},"43":{"start":{"line":103,"column":26},"end":{"line":103,"column":53}},"44":{"start":{"line":104,"column":10},"end":{"line":104,"column":42}},"45":{"start":{"line":105,"column":10},"end":{"line":105,"column":34}},"46":{"start":{"line":106,"column":10},"end":{"line":106,"column":37}},"47":{"start":{"line":107,"column":10},"end":{"line":107,"column":18}},"48":{"start":{"line":111,"column":6},"end":{"line":111,"column":35}},"49":{"start":{"line":115,"column":6},"end":{"line":115,"column":66}},"50":{"start":{"line":120,"column":0},"end":{"line":120,"column":33}}},"fnMap":{"0":{"name":"(anonymous_0)","decl":{"start":{"line":11,"column":2},"end":{"line":11,"column":3}},"loc":{"start":{"line":12,"column":2},"end":{"line":35,"column":3}},"line":12},"1":{"name":"(anonymous_1)","decl":{"start":{"line":19,"column":22},"end":{"line":19,"column":23}},"loc":{"start":{"line":20,"column":6},"end":{"line":25,"column":7}},"line":20},"2":{"name":"(anonymous_2)","decl":{"start":{"line":36,"column":2},"end":{"line":36,"column":3}},"loc":{"start":{"line":37,"column":2},"end":{"line":55,"column":3}},"line":37},"3":{"name":"(anonymous_3)","decl":{"start":{"line":57,"column":2},"end":{"line":57,"column":3}},"loc":{"start":{"line":58,"column":2},"end":{"line":80,"column":3}},"line":58},"4":{"name":"(anonymous_4)","decl":{"start":{"line":82,"column":2},"end":{"line":82,"column":3}},"loc":{"start":{"line":83,"column":2},"end":{"line":117,"column":3}},"line":83},"5":{"name":"(anonymous_5)","decl":{"start":{"line":100,"column":20},"end":{"line":100,"column":21}},"loc":{"start":{"line":101,"column":8},"end":{"line":108,"column":9}},"line":101}},"branchMap":{"0":{"loc":{"start":{"line":16,"column":6},"end":{"line":16,"column":73}},"type":"if","locations":[{"start":{"line":16,"column":6},"end":{"line":16,"column":73}},{"start":{},"end":{}}],"line":16},"1":{"loc":{"start":{"line":78,"column":17},"end":{"line":78,"column":34}},"type":"binary-expr","locations":[{"start":{"line":78,"column":17},"end":{"line":78,"column":27}},{"start":{"line":78,"column":31},"end":{"line":78,"column":34}}],"line":78},"2":{"loc":{"start":{"line":115,"column":17},"end":{"line":115,"column":34}},"type":"binary-expr","locations":[{"start":{"line":115,"column":17},"end":{"line":115,"column":27}},{"start":{"line":115,"column":31},"end":{"line":115,"column":34}}],"line":115}},"s":{"0":1,"1":1,"2":1,"3":1,"4":1,"5":1,"6":2,"7":2,"8":2,"9":1,"10":1,"11":1,"12":1,"13":1,"14":1,"15":1,"16":1,"17":1,"18":1,"19":2,"20":2,"21":2,"22":2,"23":2,"24":2,"25":2,"26":1,"27":1,"28":1,"29":2,"30":2,"31":2,"32":1,"33":1,"34":1,"35":2,"36":2,"37":2,"38":2,"39":2,"40":1,"41":1,"42":3,"43":3,"44":3,"45":3,"46":3,"47":3,"48":1,"49":1,"50":1},"f":{"0":2,"1":1,"2":2,"3":2,"4":2,"5":3},"b":{"0":[1,1],"1":[1,1],"2":[1,1]},"_coverageSchema":"1a1c01bbd47fc00a2c39e90264f33305004495a9","hash":"3323369580bcf3e36a16291ad9cbf61aed5180ae"}
,"D:\\Hacktiv8\\Final Project\\Final-Project-Hacktiv8\\server\\controllers\\userController.js": {"path":"D:\\Hacktiv8\\Final Project\\Final-Project-Hacktiv8\\server\\controllers\\userController.js","statementMap":{"0":{"start":{"line":1,"column":13},"end":{"line":1,"column":38}},"1":{"start":{"line":2,"column":16},"end":{"line":2,"column":44}},"2":{"start":{"line":3,"column":15},"end":{"line":3,"column":34}},"3":{"start":{"line":4,"column":26},"end":{"line":4,"column":57}},"4":{"start":{"line":10,"column":4},"end":{"line":52,"column":5}},"5":{"start":{"line":12,"column":44},"end":{"line":12,"column":52}},"6":{"start":{"line":13,"column":25},"end":{"line":19,"column":8}},"7":{"start":{"line":20,"column":25},"end":{"line":20,"column":48}},"8":{"start":{"line":21,"column":22},"end":{"line":26,"column":8}},"9":{"start":{"line":27,"column":6},"end":{"line":27,"column":26}},"10":{"start":{"line":28,"column":6},"end":{"line":30,"column":8}},"11":{"start":{"line":33,"column":17},"end":{"line":33,"column":20}},"12":{"start":{"line":34,"column":6},"end":{"line":48,"column":7}},"13":{"start":{"line":36,"column":8},"end":{"line":36,"column":45}},"14":{"start":{"line":37,"column":8},"end":{"line":37,"column":18}},"15":{"start":{"line":39,"column":11},"end":{"line":48,"column":7}},"16":{"start":{"line":41,"column":8},"end":{"line":41,"column":77}},"17":{"start":{"line":42,"column":8},"end":{"line":42,"column":45}},"18":{"start":{"line":43,"column":8},"end":{"line":43,"column":18}},"19":{"start":{"line":47,"column":8},"end":{"line":47,"column":48}},"20":{"start":{"line":49,"column":6},"end":{"line":51,"column":8}},"21":{"start":{"line":57,"column":4},"end":{"line":100,"column":5}},"22":{"start":{"line":59,"column":37},"end":{"line":59,"column":45}},"23":{"start":{"line":60,"column":17},"end":{"line":60,"column":21}},"24":{"start":{"line":62,"column":6},"end":{"line":74,"column":7}},"25":{"start":{"line":64,"column":8},"end":{"line":64,"column":61}},"26":{"start":{"line":65,"column":8},"end":{"line":65,"column":57}},"27":{"start":{"line":66,"column":8},"end":{"line":69,"column":9}},"28":{"start":{"line":68,"column":10},"end":{"line":68,"column":56}},"29":{"start":{"line":73,"column":8},"end":{"line":73,"column":64}},"30":{"start":{"line":75,"column":6},"end":{"line":93,"column":7}},"31":{"start":{"line":76,"column":8},"end":{"line":76,"column":64}},"32":{"start":{"line":78,"column":8},"end":{"line":92,"column":12}},"33":{"start":{"line":81,"column":12},"end":{"line":91,"column":13}},"34":{"start":{"line":82,"column":35},"end":{"line":82,"column":69}},"35":{"start":{"line":83,"column":14},"end":{"line":86,"column":16}},"36":{"start":{"line":88,"column":14},"end":{"line":90,"column":16}},"37":{"start":{"line":97,"column":6},"end":{"line":99,"column":8}},"38":{"start":{"line":104,"column":0},"end":{"line":104,"column":35}}},"fnMap":{"0":{"name":"(anonymous_0)","decl":{"start":{"line":8,"column":2},"end":{"line":8,"column":3}},"loc":{"start":{"line":9,"column":2},"end":{"line":53,"column":3}},"line":9},"1":{"name":"(anonymous_1)","decl":{"start":{"line":55,"column":2},"end":{"line":55,"column":3}},"loc":{"start":{"line":56,"column":2},"end":{"line":101,"column":3}},"line":56},"2":{"name":"(anonymous_2)","decl":{"start":{"line":80,"column":16},"end":{"line":80,"column":17}},"loc":{"start":{"line":80,"column":27},"end":{"line":92,"column":11}},"line":80}},"branchMap":{"0":{"loc":{"start":{"line":34,"column":6},"end":{"line":48,"column":7}},"type":"if","locations":[{"start":{"line":34,"column":6},"end":{"line":48,"column":7}},{"start":{"line":39,"column":11},"end":{"line":48,"column":7}}],"line":34},"1":{"loc":{"start":{"line":39,"column":11},"end":{"line":48,"column":7}},"type":"if","locations":[{"start":{"line":39,"column":11},"end":{"line":48,"column":7}},{"start":{"line":46,"column":6},"end":{"line":48,"column":7}}],"line":39},"2":{"loc":{"start":{"line":62,"column":6},"end":{"line":74,"column":7}},"type":"if","locations":[{"start":{"line":62,"column":6},"end":{"line":74,"column":7}},{"start":{"line":72,"column":6},"end":{"line":74,"column":7}}],"line":62},"3":{"loc":{"start":{"line":66,"column":8},"end":{"line":69,"column":9}},"type":"if","locations":[{"start":{"line":66,"column":8},"end":{"line":69,"column":9}},{"start":{},"end":{}}],"line":66},"4":{"loc":{"start":{"line":75,"column":6},"end":{"line":93,"column":7}},"type":"if","locations":[{"start":{"line":75,"column":6},"end":{"line":93,"column":7}},{"start":{"line":77,"column":13},"end":{"line":93,"column":7}}],"line":75},"5":{"loc":{"start":{"line":81,"column":12},"end":{"line":91,"column":13}},"type":"if","locations":[{"start":{"line":81,"column":12},"end":{"line":91,"column":13}},{"start":{"line":87,"column":19},"end":{"line":91,"column":13}}],"line":81}},"s":{"0":1,"1":1,"2":1,"3":1,"4":5,"5":5,"6":5,"7":5,"8":5,"9":5,"10":1,"11":4,"12":4,"13":2,"14":2,"15":2,"16":1,"17":1,"18":1,"19":1,"20":4,"21":7,"22":7,"23":7,"24":7,"25":6,"26":6,"27":6,"28":4,"29":1,"30":6,"31":3,"32":3,"33":3,"34":2,"35":2,"36":1,"37":4,"38":1},"f":{"0":5,"1":7,"2":3},"b":{"0":[2,2],"1":[1,1],"2":[6,1],"3":[4,2],"4":[3,3],"5":[2,1]},"_coverageSchema":"1a1c01bbd47fc00a2c39e90264f33305004495a9","hash":"a74a015e51d6471a54b60cba6da360c562024136"}
,"D:\\Hacktiv8\\Final Project\\Final-Project-Hacktiv8\\server\\helpers\\OpenAI.js": {"path":"D:\\Hacktiv8\\Final Project\\Final-Project-Hacktiv8\\server\\helpers\\OpenAI.js","statementMap":{"0":{"start":{"line":1,"column":15},"end":{"line":1,"column":32}},"1":{"start":{"line":2,"column":15},"end":{"line":2,"column":65}},"2":{"start":{"line":8,"column":4},"end":{"line":8,"column":51}},"3":{"start":{"line":12,"column":27},"end":{"line":15,"column":6}},"4":{"start":{"line":16,"column":4},"end":{"line":16,"column":33}},"5":{"start":{"line":21,"column":0},"end":{"line":21,"column":31}}},"fnMap":{"0":{"name":"(anonymous_0)","decl":{"start":{"line":6,"column":2},"end":{"line":6,"column":3}},"loc":{"start":{"line":7,"column":2},"end":{"line":9,"column":3}},"line":7},"1":{"name":"(anonymous_1)","decl":{"start":{"line":10,"column":2},"end":{"line":10,"column":3}},"loc":{"start":{"line":11,"column":2},"end":{"line":17,"column":3}},"line":11}},"branchMap":{},"s":{"0":1,"1":1,"2":0,"3":1,"4":1,"5":1},"f":{"0":0,"1":1},"b":{},"_coverageSchema":"1a1c01bbd47fc00a2c39e90264f33305004495a9","hash":"9590549926f9cc13c05502340ada30d2a675378a"}
,"D:\\Hacktiv8\\Final Project\\Final-Project-Hacktiv8\\server\\helpers\\jwtHelper.js": {"path":"D:\\Hacktiv8\\Final Project\\Final-Project-Hacktiv8\\server\\helpers\\jwtHelper.js","statementMap":{"0":{"start":{"line":1,"column":12},"end":{"line":1,"column":35}},"1":{"start":{"line":2,"column":19},"end":{"line":2,"column":41}},"2":{"start":{"line":6,"column":4},"end":{"line":6,"column":41}},"3":{"start":{"line":11,"column":20},"end":{"line":11,"column":49}},"4":{"start":{"line":12,"column":4},"end":{"line":12,"column":24}},"5":{"start":{"line":13,"column":4},"end":{"line":13,"column":19}},"6":{"start":{"line":16,"column":0},"end":{"line":19,"column":1}}},"fnMap":{"0":{"name":"generateToken","decl":{"start":{"line":4,"column":9},"end":{"line":4,"column":22}},"loc":{"start":{"line":5,"column":0},"end":{"line":7,"column":1}},"line":5},"1":{"name":"verifyToken","decl":{"start":{"line":9,"column":9},"end":{"line":9,"column":20}},"loc":{"start":{"line":10,"column":0},"end":{"line":14,"column":1}},"line":10}},"branchMap":{},"s":{"0":1,"1":1,"2":4,"3":30,"4":29,"5":29,"6":1},"f":{"0":4,"1":30},"b":{},"_coverageSchema":"1a1c01bbd47fc00a2c39e90264f33305004495a9","hash":"cefaa01723d5a1fb045815d1941896bd84da7913"}
,"D:\\Hacktiv8\\Final Project\\Final-Project-Hacktiv8\\server\\middleware\\authentication.js": {"path":"D:\\Hacktiv8\\Final Project\\Final-Project-Hacktiv8\\server\\middleware\\authentication.js","statementMap":{"0":{"start":{"line":1,"column":13},"end":{"line":1,"column":38}},"1":{"start":{"line":2,"column":24},"end":{"line":2,"column":55}},"2":{"start":{"line":4,"column":23},"end":{"line":32,"column":1}},"3":{"start":{"line":6,"column":4},"end":{"line":31,"column":5}},"4":{"start":{"line":8,"column":33},"end":{"line":8,"column":44}},"5":{"start":{"line":10,"column":8},"end":{"line":13,"column":9}},"6":{"start":{"line":12,"column":12},"end":{"line":12,"column":69}},"7":{"start":{"line":14,"column":21},"end":{"line":14,"column":46}},"8":{"start":{"line":16,"column":21},"end":{"line":16,"column":49}},"9":{"start":{"line":18,"column":8},"end":{"line":21,"column":9}},"10":{"start":{"line":20,"column":12},"end":{"line":20,"column":69}},"11":{"start":{"line":23,"column":8},"end":{"line":23,"column":24}},"12":{"start":{"line":25,"column":8},"end":{"line":25,"column":15}},"13":{"start":{"line":28,"column":8},"end":{"line":30,"column":10}},"14":{"start":{"line":34,"column":0},"end":{"line":34,"column":32}}},"fnMap":{"0":{"name":"(anonymous_0)","decl":{"start":{"line":4,"column":23},"end":{"line":4,"column":24}},"loc":{"start":{"line":5,"column":0},"end":{"line":32,"column":1}},"line":5}},"branchMap":{"0":{"loc":{"start":{"line":10,"column":8},"end":{"line":13,"column":9}},"type":"if","locations":[{"start":{"line":10,"column":8},"end":{"line":13,"column":9}},{"start":{},"end":{}}],"line":10},"1":{"loc":{"start":{"line":18,"column":8},"end":{"line":21,"column":9}},"type":"if","locations":[{"start":{"line":18,"column":8},"end":{"line":21,"column":9}},{"start":{},"end":{}}],"line":18}},"s":{"0":1,"1":1,"2":1,"3":31,"4":31,"5":31,"6":1,"7":30,"8":29,"9":29,"10":1,"11":28,"12":28,"13":3,"14":1},"f":{"0":31},"b":{"0":[1,30],"1":[1,28]},"_coverageSchema":"1a1c01bbd47fc00a2c39e90264f33305004495a9","hash":"bd6d168e1ac1a6b994150de61bab92438949a92f"}
,"D:\\Hacktiv8\\Final Project\\Final-Project-Hacktiv8\\server\\models\\DailyNutrition.js": {"path":"D:\\Hacktiv8\\Final Project\\Final-Project-Hacktiv8\\server\\models\\DailyNutrition.js","statementMap":{"0":{"start":{"line":1,"column":17},"end":{"line":1,"column":36}},"1":{"start":{"line":3,"column":29},"end":{"line":11,"column":2}},"2":{"start":{"line":13,"column":23},"end":{"line":13,"column":81}},"3":{"start":{"line":15,"column":0},"end":{"line":15,"column":31}}},"fnMap":{},"branchMap":{},"s":{"0":1,"1":1,"2":1,"3":1},"f":{},"b":{},"_coverageSchema":"1a1c01bbd47fc00a2c39e90264f33305004495a9","hash":"d433ffd7b673b0ae6535cacb0603bab8b5e6d226"}
,"D:\\Hacktiv8\\Final Project\\Final-Project-Hacktiv8\\server\\models\\Food.js": {"path":"D:\\Hacktiv8\\Final Project\\Final-Project-Hacktiv8\\server\\models\\Food.js","statementMap":{"0":{"start":{"line":1,"column":17},"end":{"line":1,"column":36}},"1":{"start":{"line":3,"column":19},"end":{"line":14,"column":2}},"2":{"start":{"line":16,"column":13},"end":{"line":16,"column":51}},"3":{"start":{"line":18,"column":0},"end":{"line":18,"column":22}}},"fnMap":{},"branchMap":{},"s":{"0":1,"1":1,"2":1,"3":1},"f":{},"b":{},"_coverageSchema":"1a1c01bbd47fc00a2c39e90264f33305004495a9","hash":"d7d952bbf75ddfd1e7f531ce756bcbad22e61d96"}
,"D:\\Hacktiv8\\Final Project\\Final-Project-Hacktiv8\\server\\models\\Pregnancy.js": {"path":"D:\\Hacktiv8\\Final Project\\Final-Project-Hacktiv8\\server\\models\\Pregnancy.js","statementMap":{"0":{"start":{"line":1,"column":17},"end":{"line":1,"column":36}},"1":{"start":{"line":2,"column":18},"end":{"line":2,"column":38}},"2":{"start":{"line":4,"column":28},"end":{"line":17,"column":2}},"3":{"start":{"line":19,"column":22},"end":{"line":19,"column":78}},"4":{"start":{"line":21,"column":0},"end":{"line":21,"column":31}}},"fnMap":{},"branchMap":{},"s":{"0":1,"1":1,"2":1,"3":1,"4":1},"f":{},"b":{},"_coverageSchema":"1a1c01bbd47fc00a2c39e90264f33305004495a9","hash":"3805435d8f8f6e1bf4207ce35ec6c40c325661c2"}
,"D:\\Hacktiv8\\Final Project\\Final-Project-Hacktiv8\\server\\models\\Profile.js": {"path":"D:\\Hacktiv8\\Final Project\\Final-Project-Hacktiv8\\server\\models\\Profile.js","statementMap":{"0":{"start":{"line":1,"column":17},"end":{"line":1,"column":36}},"1":{"start":{"line":2,"column":18},"end":{"line":2,"column":38}},"2":{"start":{"line":4,"column":22},"end":{"line":25,"column":2}},"3":{"start":{"line":27,"column":16},"end":{"line":27,"column":60}},"4":{"start":{"line":29,"column":0},"end":{"line":29,"column":25}}},"fnMap":{},"branchMap":{},"s":{"0":1,"1":1,"2":1,"3":1,"4":1},"f":{},"b":{},"_coverageSchema":"1a1c01bbd47fc00a2c39e90264f33305004495a9","hash":"6dac0c46e24b15c529452c2ea615ad1c13fe93d3"}
,"D:\\Hacktiv8\\Final Project\\Final-Project-Hacktiv8\\server\\models\\Recipe.js": {"path":"D:\\Hacktiv8\\Final Project\\Final-Project-Hacktiv8\\server\\models\\Recipe.js","statementMap":{"0":{"start":{"line":1,"column":17},"end":{"line":1,"column":36}},"1":{"start":{"line":3,"column":21},"end":{"line":21,"column":2}},"2":{"start":{"line":23,"column":15},"end":{"line":23,"column":53}},"3":{"start":{"line":25,"column":0},"end":{"line":25,"column":24}}},"fnMap":{},"branchMap":{},"s":{"0":1,"1":1,"2":1,"3":1},"f":{},"b":{},"_coverageSchema":"1a1c01bbd47fc00a2c39e90264f33305004495a9","hash":"cf2f9b0be3cb78e05f46358470dc5620740c4b4e"}
,"D:\\Hacktiv8\\Final Project\\Final-Project-Hacktiv8\\server\\models\\User.js": {"path":"D:\\Hacktiv8\\Final Project\\Final-Project-Hacktiv8\\server\\models\\User.js","statementMap":{"0":{"start":{"line":1,"column":17},"end":{"line":1,"column":36}},"1":{"start":{"line":2,"column":18},"end":{"line":2,"column":38}},"2":{"start":{"line":3,"column":15},"end":{"line":3,"column":34}},"3":{"start":{"line":4,"column":26},"end":{"line":4,"column":46}},"4":{"start":{"line":6,"column":19},"end":{"line":48,"column":2}},"5":{"start":{"line":15,"column":16},"end":{"line":15,"column":41}},"6":{"start":{"line":27,"column":16},"end":{"line":27,"column":47}},"7":{"start":{"line":39,"column":16},"end":{"line":39,"column":41}},"8":{"start":{"line":50,"column":0},"end":{"line":61,"column":3}},"9":{"start":{"line":52,"column":4},"end":{"line":55,"column":5}},"10":{"start":{"line":54,"column":8},"end":{"line":54,"column":22}},"11":{"start":{"line":56,"column":17},"end":{"line":56,"column":39}},"12":{"start":{"line":57,"column":27},"end":{"line":57,"column":63}},"13":{"start":{"line":58,"column":4},"end":{"line":58,"column":35}},"14":{"start":{"line":60,"column":4},"end":{"line":60,"column":18}},"15":{"start":{"line":63,"column":13},"end":{"line":63,"column":51}},"16":{"start":{"line":65,"column":0},"end":{"line":65,"column":22}}},"fnMap":{"0":{"name":"(anonymous_0)","decl":{"start":{"line":13,"column":23},"end":{"line":13,"column":24}},"loc":{"start":{"line":14,"column":12},"end":{"line":16,"column":13}},"line":14},"1":{"name":"(anonymous_1)","decl":{"start":{"line":25,"column":23},"end":{"line":25,"column":24}},"loc":{"start":{"line":26,"column":12},"end":{"line":28,"column":13}},"line":26},"2":{"name":"(anonymous_2)","decl":{"start":{"line":37,"column":23},"end":{"line":37,"column":24}},"loc":{"start":{"line":38,"column":12},"end":{"line":40,"column":13}},"line":38},"3":{"name":"(anonymous_3)","decl":{"start":{"line":50,"column":23},"end":{"line":50,"column":24}},"loc":{"start":{"line":51,"column":0},"end":{"line":61,"column":1}},"line":51}},"branchMap":{"0":{"loc":{"start":{"line":52,"column":4},"end":{"line":55,"column":5}},"type":"if","locations":[{"start":{"line":52,"column":4},"end":{"line":55,"column":5}},{"start":{},"end":{}}],"line":52}},"s":{"0":1,"1":1,"2":1,"3":1,"4":1,"5":5,"6":5,"7":6,"8":1,"9":4,"10":1,"11":3,"12":3,"13":3,"14":3,"15":1,"16":1},"f":{"0":5,"1":5,"2":6,"3":4},"b":{"0":[1,3]},"_coverageSchema":"1a1c01bbd47fc00a2c39e90264f33305004495a9","hash":"300e948edbdc6630eabc9d2f5ab51e45b9f17725"}
,"D:\\Hacktiv8\\Final Project\\Final-Project-Hacktiv8\\server\\routes\\foods.js": {"path":"D:\\Hacktiv8\\Final Project\\Final-Project-Hacktiv8\\server\\routes\\foods.js","statementMap":{"0":{"start":{"line":1,"column":16},"end":{"line":1,"column":34}},"1":{"start":{"line":2,"column":15},"end":{"line":2,"column":31}},"2":{"start":{"line":3,"column":23},"end":{"line":3,"column":63}},"3":{"start":{"line":5,"column":0},"end":{"line":5,"column":45}},"4":{"start":{"line":7,"column":0},"end":{"line":7,"column":23}}},"fnMap":{},"branchMap":{},"s":{"0":1,"1":1,"2":1,"3":1,"4":1},"f":{},"b":{},"_coverageSchema":"1a1c01bbd47fc00a2c39e90264f33305004495a9","hash":"284342a65e8290e4b29944894e80b41a2ab7d737"}
,"D:\\Hacktiv8\\Final Project\\Final-Project-Hacktiv8\\server\\routes\\index.js": {"path":"D:\\Hacktiv8\\Final Project\\Final-Project-Hacktiv8\\server\\routes\\index.js","statementMap":{"0":{"start":{"line":1,"column":18},"end":{"line":1,"column":46}},"1":{"start":{"line":2,"column":13},"end":{"line":2,"column":36}},"2":{"start":{"line":3,"column":16},"end":{"line":3,"column":36}},"3":{"start":{"line":4,"column":23},"end":{"line":4,"column":62}},"4":{"start":{"line":5,"column":18},"end":{"line":5,"column":40}},"5":{"start":{"line":6,"column":16},"end":{"line":6,"column":34}},"6":{"start":{"line":7,"column":15},"end":{"line":7,"column":31}},"7":{"start":{"line":8,"column":13},"end":{"line":8,"column":31}},"8":{"start":{"line":9,"column":15},"end":{"line":9,"column":35}},"9":{"start":{"line":12,"column":0},"end":{"line":12,"column":16}},"10":{"start":{"line":13,"column":0},"end":{"line":13,"column":26}},"11":{"start":{"line":14,"column":0},"end":{"line":14,"column":21}},"12":{"start":{"line":15,"column":0},"end":{"line":15,"column":19}},"13":{"start":{"line":16,"column":0},"end":{"line":16,"column":16}},"14":{"start":{"line":17,"column":0},"end":{"line":17,"column":18}},"15":{"start":{"line":18,"column":0},"end":{"line":18,"column":21}},"16":{"start":{"line":21,"column":0},"end":{"line":21,"column":23}}},"fnMap":{},"branchMap":{},"s":{"0":1,"1":1,"2":1,"3":1,"4":1,"5":1,"6":1,"7":1,"8":1,"9":1,"10":1,"11":1,"12":1,"13":1,"14":1,"15":1,"16":1},"f":{},"b":{},"_coverageSchema":"1a1c01bbd47fc00a2c39e90264f33305004495a9","hash":"2bf1852fef01e8dfb719cb12303a85904df409f0"}
,"D:\\Hacktiv8\\Final Project\\Final-Project-Hacktiv8\\server\\routes\\nutrition_route.js": {"path":"D:\\Hacktiv8\\Final Project\\Final-Project-Hacktiv8\\server\\routes\\nutrition_route.js","statementMap":{"0":{"start":{"line":1,"column":16},"end":{"line":1,"column":34}},"1":{"start":{"line":2,"column":15},"end":{"line":2,"column":31}},"2":{"start":{"line":4,"column":32},"end":{"line":4,"column":57}},"3":{"start":{"line":6,"column":0},"end":{"line":6,"column":60}},"4":{"start":{"line":7,"column":0},"end":{"line":7,"column":61}},"5":{"start":{"line":8,"column":0},"end":{"line":8,"column":70}},"6":{"start":{"line":10,"column":0},"end":{"line":10,"column":23}}},"fnMap":{},"branchMap":{},"s":{"0":1,"1":1,"2":1,"3":1,"4":1,"5":1,"6":1},"f":{},"b":{},"_coverageSchema":"1a1c01bbd47fc00a2c39e90264f33305004495a9","hash":"d7dc3ea67cbd3319b9899fa41cf58249983d3367"}
,"D:\\Hacktiv8\\Final Project\\Final-Project-Hacktiv8\\server\\routes\\pregnancy.js": {"path":"D:\\Hacktiv8\\Final Project\\Final-Project-Hacktiv8\\server\\routes\\pregnancy.js","statementMap":{"0":{"start":{"line":1,"column":16},"end":{"line":1,"column":34}},"1":{"start":{"line":2,"column":28},"end":{"line":2,"column":73}},"2":{"start":{"line":3,"column":15},"end":{"line":3,"column":31}},"3":{"start":{"line":5,"column":0},"end":{"line":5,"column":61}},"4":{"start":{"line":6,"column":0},"end":{"line":6,"column":62}},"5":{"start":{"line":9,"column":0},"end":{"line":9,"column":24}}},"fnMap":{},"branchMap":{},"s":{"0":1,"1":1,"2":1,"3":1,"4":1,"5":1},"f":{},"b":{},"_coverageSchema":"1a1c01bbd47fc00a2c39e90264f33305004495a9","hash":"6f3a524ba39e7cd271f342b7c241d8fe4c7b6fa9"}
,"D:\\Hacktiv8\\Final Project\\Final-Project-Hacktiv8\\server\\routes\\profile.js": {"path":"D:\\Hacktiv8\\Final Project\\Final-Project-Hacktiv8\\server\\routes\\profile.js","statementMap":{"0":{"start":{"line":1,"column":16},"end":{"line":1,"column":34}},"1":{"start":{"line":2,"column":15},"end":{"line":2,"column":31}},"2":{"start":{"line":3,"column":26},"end":{"line":3,"column":69}},"3":{"start":{"line":5,"column":0},"end":{"line":5,"column":54}},"4":{"start":{"line":6,"column":0},"end":{"line":6,"column":57}},"5":{"start":{"line":9,"column":0},"end":{"line":9,"column":24}}},"fnMap":{},"branchMap":{},"s":{"0":1,"1":1,"2":1,"3":1,"4":1,"5":1},"f":{},"b":{},"_coverageSchema":"1a1c01bbd47fc00a2c39e90264f33305004495a9","hash":"f211d6a68a05e8c449822cda76ecb673a8b3d78b"}
,"D:\\Hacktiv8\\Final Project\\Final-Project-Hacktiv8\\server\\routes\\recipes.js": {"path":"D:\\Hacktiv8\\Final Project\\Final-Project-Hacktiv8\\server\\routes\\recipes.js","statementMap":{"0":{"start":{"line":1,"column":16},"end":{"line":1,"column":34}},"1":{"start":{"line":2,"column":15},"end":{"line":2,"column":32}},"2":{"start":{"line":3,"column":25},"end":{"line":3,"column":67}},"3":{"start":{"line":5,"column":15},"end":{"line":5,"column":31}},"4":{"start":{"line":7,"column":16},"end":{"line":7,"column":38}},"5":{"start":{"line":8,"column":15},"end":{"line":8,"column":84}},"6":{"start":{"line":10,"column":0},"end":{"line":10,"column":51}},"7":{"start":{"line":11,"column":0},"end":{"line":11,"column":51}},"8":{"start":{"line":13,"column":0},"end":{"line":13,"column":96}},"9":{"start":{"line":14,"column":0},"end":{"line":14,"column":58}},"10":{"start":{"line":15,"column":0},"end":{"line":15,"column":23}}},"fnMap":{},"branchMap":{},"s":{"0":1,"1":1,"2":1,"3":1,"4":1,"5":1,"6":1,"7":1,"8":1,"9":1,"10":1},"f":{},"b":{},"_coverageSchema":"1a1c01bbd47fc00a2c39e90264f33305004495a9","hash":"5928847983fbeae403a4b691b6a8dbe5a8d490dd"}
,"D:\\Hacktiv8\\Final Project\\Final-Project-Hacktiv8\\server\\routes\\user_route.js": {"path":"D:\\Hacktiv8\\Final Project\\Final-Project-Hacktiv8\\server\\routes\\user_route.js","statementMap":{"0":{"start":{"line":1,"column":16},"end":{"line":1,"column":34}},"1":{"start":{"line":2,"column":15},"end":{"line":2,"column":31}},"2":{"start":{"line":3,"column":27},"end":{"line":3,"column":52}},"3":{"start":{"line":5,"column":0},"end":{"line":5,"column":57}},"4":{"start":{"line":6,"column":0},"end":{"line":6,"column":53}},"5":{"start":{"line":8,"column":0},"end":{"line":8,"column":23}}},"fnMap":{},"branchMap":{},"s":{"0":1,"1":1,"2":1,"3":1,"4":1,"5":1},"f":{},"b":{},"_coverageSchema":"1a1c01bbd47fc00a2c39e90264f33305004495a9","hash":"c607dc9e0579607ce67b5583bb809e9ac7db7b46"}
}
