TN:
SF:index.js
FN:22,(anonymous_0)
FN:29,(anonymous_1)
FNF:2
FNH:1
FNDA:1,(anonymous_0)
FNDA:0,(anonymous_1)
DA:1,1
DA:2,1
DA:4,1
DA:6,1
DA:7,1
DA:10,1
DA:11,1
DA:12,1
DA:13,1
DA:14,1
DA:15,1
DA:17,1
DA:18,1
DA:20,1
DA:21,1
DA:23,1
DA:29,1
DA:30,1
DA:34,1
LF:19
LH:19
BRDA:1,0,0,1
BRDA:1,0,1,0
BRDA:6,1,0,1
BRDA:6,1,1,0
BRF:4
BRH:2
end_of_record
TN:
SF:controllers\foodController.js
FN:13,(anonymous_0)
FNF:1
FNH:1
FNDA:3,(anonymous_0)
DA:1,1
DA:2,1
DA:3,1
DA:4,1
DA:5,1
DA:6,1
DA:8,1
DA:9,1
DA:15,3
DA:17,3
DA:18,3
DA:19,3
DA:21,2
DA:25,1
DA:27,3
DA:30,1
DA:31,1
DA:38,1
LF:18
LH:18
BRDA:19,0,0,2
BRDA:19,0,1,1
BRF:2
BRH:2
end_of_record
TN:
SF:controllers\index.js
FNF:0
FNH:0
DA:1,1
DA:2,1
DA:4,1
LF:3
LH:3
BRF:0
BRH:0
end_of_record
TN:
SF:controllers\nutritionController.js
FN:9,(anonymous_0)
FN:37,(anonymous_1)
FN:66,(anonymous_2)
FN:123,(anonymous_3)
FNF:4
FNH:4
FNDA:4,(anonymous_0)
FNDA:3,(anonymous_1)
FNDA:4,(anonymous_2)
FNDA:2,(anonymous_3)
DA:2,1
DA:3,1
DA:4,1
DA:5,1
DA:11,4
DA:13,4
DA:14,4
DA:15,4
DA:16,3
DA:17,3
DA:19,3
DA:20,3
DA:22,2
DA:26,1
DA:29,2
DA:32,2
DA:33,2
DA:39,3
DA:41,3
DA:42,3
DA:43,3
DA:45,3
DA:47,2
DA:66,4
DA:67,2
DA:88,2
DA:89,1
DA:91,1
DA:93,17
DA:94,17
DA:96,16
DA:100,1
DA:102,1
DA:109,1
DA:111,1
DA:113,1
DA:115,1
DA:118,2
DA:125,2
DA:127,2
DA:128,2
DA:129,2
DA:130,2
DA:131,1
DA:132,1
DA:133,1
DA:134,1
DA:135,1
DA:140,1
DA:145,1
LF:50
LH:50
BRDA:20,0,0,2
BRDA:20,0,1,1
BRDA:45,1,0,1
BRDA:45,1,1,2
BRDA:45,2,0,3
BRDA:45,2,1,2
BRDA:45,2,2,2
BRDA:94,3,0,16
BRDA:94,3,1,1
BRF:9
BRH:9
end_of_record
TN:
SF:controllers\pregnancyController.js
FN:6,(anonymous_0)
FN:33,(anonymous_1)
FNF:2
FNH:2
FNDA:2,(anonymous_0)
FNDA:2,(anonymous_1)
DA:1,1
DA:2,1
DA:3,1
DA:7,2
DA:8,2
DA:9,2
DA:10,2
DA:11,2
DA:12,1
DA:14,1
DA:19,1
DA:20,1
DA:21,1
DA:22,1
DA:26,1
DA:27,1
DA:34,2
DA:35,2
DA:36,2
DA:37,2
DA:38,1
DA:40,1
DA:41,1
DA:48,1
LF:24
LH:24
BRDA:11,0,0,1
BRDA:11,0,1,1
BRF:2
BRH:2
end_of_record
TN:
SF:controllers\profileController.js
FN:6,(anonymous_0)
FN:23,(anonymous_1)
FNF:2
FNH:2
FNDA:2,(anonymous_0)
FNDA:2,(anonymous_1)
DA:1,1
DA:2,1
DA:8,2
DA:10,2
DA:11,2
DA:12,1
DA:13,1
DA:16,1
DA:17,1
DA:25,2
DA:27,2
DA:28,2
DA:29,2
DA:30,2
DA:31,2
DA:33,1
DA:35,1
DA:36,1
DA:37,1
DA:38,1
DA:39,1
DA:40,1
DA:45,1
DA:46,1
DA:53,1
LF:25
LH:25
BRDA:31,0,0,1
BRDA:31,0,1,1
BRDA:31,1,0,2
BRDA:31,1,1,2
BRDA:31,1,2,2
BRF:5
BRH:5
end_of_record
TN:
SF:controllers\recipeController.js
FN:11,(anonymous_0)
FN:19,(anonymous_1)
FN:36,(anonymous_2)
FN:57,(anonymous_3)
FN:82,(anonymous_4)
FN:100,(anonymous_5)
FNF:6
FNH:6
FNDA:2,(anonymous_0)
FNDA:1,(anonymous_1)
FNDA:2,(anonymous_2)
FNDA:2,(anonymous_3)
FNDA:2,(anonymous_4)
FNDA:3,(anonymous_5)
DA:1,1
DA:2,1
DA:4,1
DA:5,1
DA:6,1
DA:7,1
DA:13,2
DA:15,2
DA:16,2
DA:17,1
DA:18,1
DA:19,1
DA:21,1
DA:22,1
DA:23,1
DA:24,1
DA:26,1
DA:31,1
DA:38,2
DA:40,2
DA:41,2
DA:42,2
DA:43,2
DA:45,2
DA:46,1
DA:48,1
DA:51,1
DA:59,2
DA:61,2
DA:67,2
DA:73,1
DA:76,1
DA:78,1
DA:84,2
DA:86,2
DA:88,2
DA:89,2
DA:95,2
DA:96,1
DA:99,1
DA:102,3
DA:103,3
DA:104,3
DA:105,3
DA:106,3
DA:107,3
DA:111,1
DA:115,1
DA:120,1
LF:49
LH:49
BRDA:16,0,0,1
BRDA:16,0,1,1
BRDA:78,1,0,1
BRDA:78,1,1,1
BRDA:115,2,0,1
BRDA:115,2,1,1
BRF:6
BRH:6
end_of_record
TN:
SF:controllers\userController.js
FN:8,(anonymous_0)
FN:55,(anonymous_1)
FN:80,(anonymous_2)
FNF:3
FNH:3
FNDA:5,(anonymous_0)
FNDA:7,(anonymous_1)
FNDA:3,(anonymous_2)
DA:1,1
DA:2,1
DA:3,1
DA:4,1
DA:10,5
DA:12,5
DA:13,5
DA:20,5
DA:21,5
DA:27,5
DA:28,1
DA:33,4
DA:34,4
DA:36,2
DA:37,2
DA:39,2
DA:41,1
DA:42,1
DA:43,1
DA:47,1
DA:49,4
DA:57,7
DA:59,7
DA:60,7
DA:62,7
DA:64,6
DA:65,6
DA:66,6
DA:68,4
DA:73,1
DA:75,6
DA:76,3
DA:78,3
DA:81,3
DA:82,2
DA:83,2
DA:88,1
DA:97,4
DA:104,1
LF:39
LH:39
BRDA:34,0,0,2
BRDA:34,0,1,2
BRDA:39,1,0,1
BRDA:39,1,1,1
BRDA:62,2,0,6
BRDA:62,2,1,1
BRDA:66,3,0,4
BRDA:66,3,1,2
BRDA:75,4,0,3
BRDA:75,4,1,3
BRDA:81,5,0,2
BRDA:81,5,1,1
BRF:12
BRH:12
end_of_record
TN:
SF:helpers\OpenAI.js
FN:6,(anonymous_0)
FN:10,(anonymous_1)
FNF:2
FNH:1
FNDA:0,(anonymous_0)
FNDA:1,(anonymous_1)
DA:1,1
DA:2,1
DA:8,0
DA:12,1
DA:16,1
DA:21,1
LF:6
LH:5
BRF:0
BRH:0
end_of_record
TN:
SF:helpers\jwtHelper.js
FN:4,generateToken
FN:9,verifyToken
FNF:2
FNH:2
FNDA:4,generateToken
FNDA:30,verifyToken
DA:1,1
DA:2,1
DA:6,4
DA:11,30
DA:12,29
DA:13,29
DA:16,1
LF:7
LH:7
BRF:0
BRH:0
end_of_record
TN:
SF:middleware\authentication.js
FN:4,(anonymous_0)
FNF:1
FNH:1
FNDA:31,(anonymous_0)
DA:1,1
DA:2,1
DA:4,1
DA:6,31
DA:8,31
DA:10,31
DA:12,1
DA:14,30
DA:16,29
DA:18,29
DA:20,1
DA:23,28
DA:25,28
DA:28,3
DA:34,1
LF:15
LH:15
BRDA:10,0,0,1
BRDA:10,0,1,30
BRDA:18,1,0,1
BRDA:18,1,1,28
BRF:4
BRH:4
end_of_record
TN:
SF:models\DailyNutrition.js
FNF:0
FNH:0
DA:1,1
DA:3,1
DA:13,1
DA:15,1
LF:4
LH:4
BRF:0
BRH:0
end_of_record
TN:
SF:models\Food.js
FNF:0
FNH:0
DA:1,1
DA:3,1
DA:16,1
DA:18,1
LF:4
LH:4
BRF:0
BRH:0
end_of_record
TN:
SF:models\Pregnancy.js
FNF:0
FNH:0
DA:1,1
DA:2,1
DA:4,1
DA:19,1
DA:21,1
LF:5
LH:5
BRF:0
BRH:0
end_of_record
TN:
SF:models\Profile.js
FNF:0
FNH:0
DA:1,1
DA:2,1
DA:4,1
DA:27,1
DA:29,1
LF:5
LH:5
BRF:0
BRH:0
end_of_record
TN:
SF:models\Recipe.js
FNF:0
FNH:0
DA:1,1
DA:3,1
DA:23,1
DA:25,1
LF:4
LH:4
BRF:0
BRH:0
end_of_record
TN:
SF:models\User.js
FN:13,(anonymous_0)
FN:25,(anonymous_1)
FN:37,(anonymous_2)
FN:50,(anonymous_3)
FNF:4
FNH:4
FNDA:5,(anonymous_0)
FNDA:5,(anonymous_1)
FNDA:6,(anonymous_2)
FNDA:4,(anonymous_3)
DA:1,1
DA:2,1
DA:3,1
DA:4,1
DA:6,1
DA:15,5
DA:27,5
DA:39,6
DA:50,1
DA:52,4
DA:54,1
DA:56,3
DA:57,3
DA:58,3
DA:60,3
DA:63,1
DA:65,1
LF:17
LH:17
BRDA:52,0,0,1
BRDA:52,0,1,3
BRF:2
BRH:2
end_of_record
TN:
SF:routes\foods.js
FNF:0
FNH:0
DA:1,1
DA:2,1
DA:3,1
DA:5,1
DA:7,1
LF:5
LH:5
BRF:0
BRH:0
end_of_record
TN:
SF:routes\index.js
FNF:0
FNH:0
DA:1,1
DA:2,1
DA:3,1
DA:4,1
DA:5,1
DA:6,1
DA:7,1
DA:8,1
DA:9,1
DA:12,1
DA:13,1
DA:14,1
DA:15,1
DA:16,1
DA:17,1
DA:18,1
DA:21,1
LF:17
LH:17
BRF:0
BRH:0
end_of_record
TN:
SF:routes\nutrition_route.js
FNF:0
FNH:0
DA:1,1
DA:2,1
DA:4,1
DA:6,1
DA:7,1
DA:8,1
DA:10,1
LF:7
LH:7
BRF:0
BRH:0
end_of_record
TN:
SF:routes\pregnancy.js
FNF:0
FNH:0
DA:1,1
DA:2,1
DA:3,1
DA:5,1
DA:6,1
DA:9,1
LF:6
LH:6
BRF:0
BRH:0
end_of_record
TN:
SF:routes\profile.js
FNF:0
FNH:0
DA:1,1
DA:2,1
DA:3,1
DA:5,1
DA:6,1
DA:9,1
LF:6
LH:6
BRF:0
BRH:0
end_of_record
TN:
SF:routes\recipes.js
FNF:0
FNH:0
DA:1,1
DA:2,1
DA:3,1
DA:5,1
DA:7,1
DA:8,1
DA:10,1
DA:11,1
DA:13,1
DA:14,1
DA:15,1
LF:11
LH:11
BRF:0
BRH:0
end_of_record
TN:
SF:routes\user_route.js
FNF:0
FNH:0
DA:1,1
DA:2,1
DA:3,1
DA:5,1
DA:6,1
DA:8,1
LF:6
LH:6
BRF:0
BRH:0
end_of_record
